2019-06-27-23-31 [background-preinit] [org.hibernate.validator.internal.util.Version] [INFO] - HV000001: Hibernate Validator 6.0.7.Final
2019-06-27-23-31 [main] [com.study.AppStart] [INFO] - Starting AppStart on DESKTOP-4JH2949 with PID 11336 (H:\eclipse-workspace\springboot-13-multiple-datasource-mybatis\target\classes started by YL in H:\eclipse-workspace\springboot-13-multiple-datasource-mybatis)
2019-06-27-23-31 [main] [com.study.AppStart] [INFO] - No active profile set, falling back to default profiles: default
2019-06-27-23-31 [main] [org.springframework.boot.web.servlet.context.AnnotationConfigServletWebServerApplicationContext] [INFO] - Refreshing org.springframework.boot.web.servlet.context.AnnotationConfigServletWebServerApplicationContext@123f1134: startup date [Thu Jun 27 23:31:11 CST 2019]; root of context hierarchy
2019-06-27-23-31 [main] [org.mybatis.spring.mapper.ClassPathMapperScanner] [WARN] - No MyBatis mapper was found in '[com.study.test02.service.dao.*, com.study.test01.service.dao.*]' package. Please check your configuration.
2019-06-27-23-31 [main] [org.springframework.boot.web.embedded.tomcat.TomcatWebServer] [INFO] - Tomcat initialized with port(s): 8888 (http)
2019-06-27-23-31 [localhost-startStop-1] [org.springframework.web.context.ContextLoader] [INFO] - Root WebApplicationContext: initialization completed in 5087 ms
2019-06-27-23-31 [localhost-startStop-1] [org.springframework.boot.web.servlet.ServletRegistrationBean] [INFO] - Servlet dispatcherServlet mapped to [/]
2019-06-27-23-31 [localhost-startStop-1] [org.springframework.boot.web.servlet.FilterRegistrationBean] [INFO] - Mapping filter: 'characterEncodingFilter' to: [/*]
2019-06-27-23-31 [localhost-startStop-1] [org.springframework.boot.web.servlet.FilterRegistrationBean] [INFO] - Mapping filter: 'hiddenHttpMethodFilter' to: [/*]
2019-06-27-23-31 [localhost-startStop-1] [org.springframework.boot.web.servlet.FilterRegistrationBean] [INFO] - Mapping filter: 'httpPutFormContentFilter' to: [/*]
2019-06-27-23-31 [localhost-startStop-1] [org.springframework.boot.web.servlet.FilterRegistrationBean] [INFO] - Mapping filter: 'requestContextFilter' to: [/*]
2019-06-27-23-31 [main] [org.springframework.web.servlet.mvc.method.annotation.RequestMappingHandlerAdapter] [INFO] - Looking for @ControllerAdvice: org.springframework.boot.web.servlet.context.AnnotationConfigServletWebServerApplicationContext@123f1134: startup date [Thu Jun 27 23:31:11 CST 2019]; root of context hierarchy
2019-06-27-23-31 [main] [org.springframework.web.servlet.mvc.method.annotation.RequestMappingHandlerMapping] [INFO] - Mapped "{[/user/save1]}" onto public java.lang.String com.study.controller.MultipleDatasourceController.saveUserController1(com.study.entity.User)
2019-06-27-23-31 [main] [org.springframework.web.servlet.mvc.method.annotation.RequestMappingHandlerMapping] [INFO] - Mapped "{[/user/save2]}" onto public java.lang.String com.study.controller.MultipleDatasourceController.saveUserController2(com.study.entity.User)
2019-06-27-23-31 [main] [org.springframework.web.servlet.mvc.method.annotation.RequestMappingHandlerMapping] [INFO] - Mapped "{[/error]}" onto public org.springframework.http.ResponseEntity<java.util.Map<java.lang.String, java.lang.Object>> org.springframework.boot.autoconfigure.web.servlet.error.BasicErrorController.error(javax.servlet.http.HttpServletRequest)
2019-06-27-23-31 [main] [org.springframework.web.servlet.mvc.method.annotation.RequestMappingHandlerMapping] [INFO] - Mapped "{[/error],produces=[text/html]}" onto public org.springframework.web.servlet.ModelAndView org.springframework.boot.autoconfigure.web.servlet.error.BasicErrorController.errorHtml(javax.servlet.http.HttpServletRequest,javax.servlet.http.HttpServletResponse)
2019-06-27-23-31 [main] [org.springframework.web.servlet.handler.SimpleUrlHandlerMapping] [INFO] - Mapped URL path [/webjars/**] onto handler of type [class org.springframework.web.servlet.resource.ResourceHttpRequestHandler]
2019-06-27-23-31 [main] [org.springframework.web.servlet.handler.SimpleUrlHandlerMapping] [INFO] - Mapped URL path [/**] onto handler of type [class org.springframework.web.servlet.resource.ResourceHttpRequestHandler]
2019-06-27-23-31 [main] [org.springframework.web.servlet.mvc.method.annotation.ExceptionHandlerExceptionResolver] [INFO] - Detected @ExceptionHandler methods in globalExceprionHandler
2019-06-27-23-31 [main] [org.springframework.web.servlet.handler.SimpleUrlHandlerMapping] [INFO] - Mapped URL path [/**/favicon.ico] onto handler of type [class org.springframework.web.servlet.resource.ResourceHttpRequestHandler]
2019-06-27-23-31 [main] [org.springframework.jmx.export.annotation.AnnotationMBeanExporter] [INFO] - Registering beans for JMX exposure on startup
2019-06-27-23-31 [main] [org.springframework.jmx.export.annotation.AnnotationMBeanExporter] [INFO] - Bean with name 'test1DataSource' has been autodetected for JMX exposure
2019-06-27-23-31 [main] [org.springframework.jmx.export.annotation.AnnotationMBeanExporter] [INFO] - Bean with name 'test2DataSource' has been autodetected for JMX exposure
2019-06-27-23-31 [main] [org.springframework.jmx.export.annotation.AnnotationMBeanExporter] [INFO] - Located MBean 'test1DataSource': registering with JMX server as MBean [com.zaxxer.hikari:name=test1DataSource,type=HikariDataSource]
2019-06-27-23-31 [main] [org.springframework.jmx.export.annotation.AnnotationMBeanExporter] [INFO] - Located MBean 'test2DataSource': registering with JMX server as MBean [com.zaxxer.hikari:name=test2DataSource,type=HikariDataSource]
2019-06-27-23-31 [main] [org.springframework.boot.web.embedded.tomcat.TomcatWebServer] [INFO] - Tomcat started on port(s): 8888 (http) with context path '/study'
2019-06-27-23-31 [main] [com.study.AppStart] [INFO] - Started AppStart in 9.171 seconds (JVM running for 9.867)
2019-06-27-23-31 [http-nio-8888-exec-1] [org.springframework.web.servlet.DispatcherServlet] [INFO] - FrameworkServlet 'dispatcherServlet': initialization started
2019-06-27-23-31 [http-nio-8888-exec-1] [org.springframework.web.servlet.DispatcherServlet] [INFO] - FrameworkServlet 'dispatcherServlet': initialization completed in 77 ms
2019-06-27-23-31 [http-nio-8888-exec-1] [com.study.log.WebLogAspect] [INFO] - URL : http://127.0.0.1:8888/study/user/save1
2019-06-27-23-31 [http-nio-8888-exec-1] [com.study.log.WebLogAspect] [INFO] - HTTP_METHOD : GET
2019-06-27-23-31 [http-nio-8888-exec-1] [com.study.log.WebLogAspect] [INFO] - IP : 127.0.0.1
2019-06-27-23-31 [http-nio-8888-exec-1] [com.study.log.WebLogAspect] [INFO] - 入参：{"name":"tom","age":"4","email":"yanlei@thinkive.com"}
2019-06-27-23-31 [http-nio-8888-exec-1] [com.zaxxer.hikari.HikariDataSource] [INFO] - HikariPool-1 - Starting...
2019-06-27-23-31 [http-nio-8888-exec-1] [com.zaxxer.hikari.HikariDataSource] [INFO] - HikariPool-1 - Start completed.
2019-06-27-23-31 [http-nio-8888-exec-1] [com.study.log.WebLogAspect] [ERROR] - 统计方法执行耗时环绕通知出错
java.lang.ArithmeticException: / by zero
	at com.study.test01.service.impl.UserServiceImpl1.saveUser(UserServiceImpl1.java:49)
	at com.study.test01.service.impl.UserServiceImpl1$$FastClassBySpringCGLIB$$363ffc73.invoke(<generated>)
	at org.springframework.cglib.proxy.MethodProxy.invoke(MethodProxy.java:204)
	at org.springframework.aop.framework.CglibAopProxy$CglibMethodInvocation.invokeJoinpoint(CglibAopProxy.java:747)
	at org.springframework.aop.framework.ReflectiveMethodInvocation.proceed(ReflectiveMethodInvocation.java:163)
	at org.springframework.transaction.interceptor.TransactionAspectSupport.invokeWithinTransaction(TransactionAspectSupport.java:294)
	at org.springframework.transaction.interceptor.TransactionInterceptor.invoke(TransactionInterceptor.java:98)
	at org.springframework.aop.framework.ReflectiveMethodInvocation.proceed(ReflectiveMethodInvocation.java:185)
	at org.springframework.aop.framework.CglibAopProxy$DynamicAdvisedInterceptor.intercept(CglibAopProxy.java:689)
	at com.study.test01.service.impl.UserServiceImpl1$$EnhancerBySpringCGLIB$$2b64f0da.saveUser(<generated>)
	at com.study.controller.MultipleDatasourceController.saveUserController1(MultipleDatasourceController.java:53)
	at com.study.controller.MultipleDatasourceController$$FastClassBySpringCGLIB$$abdad851.invoke(<generated>)
	at org.springframework.cglib.proxy.MethodProxy.invoke(MethodProxy.java:204)
	at org.springframework.aop.framework.CglibAopProxy$CglibMethodInvocation.invokeJoinpoint(CglibAopProxy.java:747)
	at org.springframework.aop.framework.ReflectiveMethodInvocation.proceed(ReflectiveMethodInvocation.java:163)
	at org.springframework.aop.framework.adapter.MethodBeforeAdviceInterceptor.invoke(MethodBeforeAdviceInterceptor.java:52)
	at org.springframework.aop.framework.ReflectiveMethodInvocation.proceed(ReflectiveMethodInvocation.java:185)
	at org.springframework.aop.aspectj.MethodInvocationProceedingJoinPoint.proceed(MethodInvocationProceedingJoinPoint.java:101)
	at com.study.log.WebLogAspect.timeAround(WebLogAspect.java:116)
	at sun.reflect.NativeMethodAccessorImpl.invoke0(Native Method)
	at sun.reflect.NativeMethodAccessorImpl.invoke(NativeMethodAccessorImpl.java:62)
	at sun.reflect.DelegatingMethodAccessorImpl.invoke(DelegatingMethodAccessorImpl.java:43)
	at java.lang.reflect.Method.invoke(Method.java:498)
	at org.springframework.aop.aspectj.AbstractAspectJAdvice.invokeAdviceMethodWithGivenArgs(AbstractAspectJAdvice.java:643)
	at org.springframework.aop.aspectj.AbstractAspectJAdvice.invokeAdviceMethod(AbstractAspectJAdvice.java:632)
	at org.springframework.aop.aspectj.AspectJAroundAdvice.invoke(AspectJAroundAdvice.java:70)
	at org.springframework.aop.framework.ReflectiveMethodInvocation.proceed(ReflectiveMethodInvocation.java:185)
	at org.springframework.aop.framework.adapter.AfterReturningAdviceInterceptor.invoke(AfterReturningAdviceInterceptor.java:52)
	at org.springframework.aop.framework.ReflectiveMethodInvocation.proceed(ReflectiveMethodInvocation.java:185)
	at org.springframework.aop.interceptor.ExposeInvocationInterceptor.invoke(ExposeInvocationInterceptor.java:92)
	at org.springframework.aop.framework.ReflectiveMethodInvocation.proceed(ReflectiveMethodInvocation.java:185)
	at org.springframework.aop.framework.CglibAopProxy$DynamicAdvisedInterceptor.intercept(CglibAopProxy.java:689)
	at com.study.controller.MultipleDatasourceController$$EnhancerBySpringCGLIB$$bae6560a.saveUserController1(<generated>)
	at sun.reflect.NativeMethodAccessorImpl.invoke0(Native Method)
	at sun.reflect.NativeMethodAccessorImpl.invoke(NativeMethodAccessorImpl.java:62)
	at sun.reflect.DelegatingMethodAccessorImpl.invoke(DelegatingMethodAccessorImpl.java:43)
	at java.lang.reflect.Method.invoke(Method.java:498)
	at org.springframework.web.method.support.InvocableHandlerMethod.doInvoke(InvocableHandlerMethod.java:209)
	at org.springframework.web.method.support.InvocableHandlerMethod.invokeForRequest(InvocableHandlerMethod.java:136)
	at org.springframework.web.servlet.mvc.method.annotation.ServletInvocableHandlerMethod.invokeAndHandle(ServletInvocableHandlerMethod.java:102)
	at org.springframework.web.servlet.mvc.method.annotation.RequestMappingHandlerAdapter.invokeHandlerMethod(RequestMappingHandlerAdapter.java:870)
	at org.springframework.web.servlet.mvc.method.annotation.RequestMappingHandlerAdapter.handleInternal(RequestMappingHandlerAdapter.java:776)
	at org.springframework.web.servlet.mvc.method.AbstractHandlerMethodAdapter.handle(AbstractHandlerMethodAdapter.java:87)
	at org.springframework.web.servlet.DispatcherServlet.doDispatch(DispatcherServlet.java:991)
	at org.springframework.web.servlet.DispatcherServlet.doService(DispatcherServlet.java:925)
	at org.springframework.web.servlet.FrameworkServlet.processRequest(FrameworkServlet.java:978)
	at org.springframework.web.servlet.FrameworkServlet.doGet(FrameworkServlet.java:870)
	at javax.servlet.http.HttpServlet.service(HttpServlet.java:635)
	at org.springframework.web.servlet.FrameworkServlet.service(FrameworkServlet.java:855)
	at javax.servlet.http.HttpServlet.service(HttpServlet.java:742)
	at org.apache.catalina.core.ApplicationFilterChain.internalDoFilter(ApplicationFilterChain.java:231)
	at org.apache.catalina.core.ApplicationFilterChain.doFilter(ApplicationFilterChain.java:166)
	at org.apache.tomcat.websocket.server.WsFilter.doFilter(WsFilter.java:52)
	at org.apache.catalina.core.ApplicationFilterChain.internalDoFilter(ApplicationFilterChain.java:193)
	at org.apache.catalina.core.ApplicationFilterChain.doFilter(ApplicationFilterChain.java:166)
	at org.springframework.web.filter.RequestContextFilter.doFilterInternal(RequestContextFilter.java:99)
	at org.springframework.web.filter.OncePerRequestFilter.doFilter(OncePerRequestFilter.java:107)
	at org.apache.catalina.core.ApplicationFilterChain.internalDoFilter(ApplicationFilterChain.java:193)
	at org.apache.catalina.core.ApplicationFilterChain.doFilter(ApplicationFilterChain.java:166)
	at org.springframework.web.filter.HttpPutFormContentFilter.doFilterInternal(HttpPutFormContentFilter.java:109)
	at org.springframework.web.filter.OncePerRequestFilter.doFilter(OncePerRequestFilter.java:107)
	at org.apache.catalina.core.ApplicationFilterChain.internalDoFilter(ApplicationFilterChain.java:193)
	at org.apache.catalina.core.ApplicationFilterChain.doFilter(ApplicationFilterChain.java:166)
	at org.springframework.web.filter.HiddenHttpMethodFilter.doFilterInternal(HiddenHttpMethodFilter.java:81)
	at org.springframework.web.filter.OncePerRequestFilter.doFilter(OncePerRequestFilter.java:107)
	at org.apache.catalina.core.ApplicationFilterChain.internalDoFilter(ApplicationFilterChain.java:193)
	at org.apache.catalina.core.ApplicationFilterChain.doFilter(ApplicationFilterChain.java:166)
	at org.springframework.web.filter.CharacterEncodingFilter.doFilterInternal(CharacterEncodingFilter.java:200)
	at org.springframework.web.filter.OncePerRequestFilter.doFilter(OncePerRequestFilter.java:107)
	at org.apache.catalina.core.ApplicationFilterChain.internalDoFilter(ApplicationFilterChain.java:193)
	at org.apache.catalina.core.ApplicationFilterChain.doFilter(ApplicationFilterChain.java:166)
	at org.apache.catalina.core.StandardWrapperValve.invoke(StandardWrapperValve.java:199)
	at org.apache.catalina.core.StandardContextValve.invoke(StandardContextValve.java:96)
	at org.apache.catalina.authenticator.AuthenticatorBase.invoke(AuthenticatorBase.java:496)
	at org.apache.catalina.core.StandardHostValve.invoke(StandardHostValve.java:140)
	at org.apache.catalina.valves.ErrorReportValve.invoke(ErrorReportValve.java:81)
	at org.apache.catalina.core.StandardEngineValve.invoke(StandardEngineValve.java:87)
	at org.apache.catalina.connector.CoyoteAdapter.service(CoyoteAdapter.java:342)
	at org.apache.coyote.http11.Http11Processor.service(Http11Processor.java:803)
	at org.apache.coyote.AbstractProcessorLight.process(AbstractProcessorLight.java:66)
	at org.apache.coyote.AbstractProtocol$ConnectionHandler.process(AbstractProtocol.java:790)
	at org.apache.tomcat.util.net.NioEndpoint$SocketProcessor.doRun(NioEndpoint.java:1459)
	at org.apache.tomcat.util.net.SocketProcessorBase.run(SocketProcessorBase.java:49)
	at java.util.concurrent.ThreadPoolExecutor.runWorker(ThreadPoolExecutor.java:1149)
	at java.util.concurrent.ThreadPoolExecutor$Worker.run(ThreadPoolExecutor.java:624)
	at org.apache.tomcat.util.threads.TaskThread$WrappingRunnable.run(TaskThread.java:61)
	at java.lang.Thread.run(Thread.java:748)
2019-06-27-23-31 [http-nio-8888-exec-1] [com.study.log.WebLogAspect] [INFO] - 处理本次请求共耗时：1012 ms
2019-06-27-23-31 [http-nio-8888-exec-1] [com.study.log.WebLogAspect] [INFO] - RESPONSE : null
