2019-06-14 18:37:49.699  INFO 14956 --- [main] com.study.AppStart                       : Starting AppStart on DESKTOP-4JH2949 with PID 14956 (H:\eclipse-workspace\springboot-02-freemarker\target\classes started by YL in H:\eclipse-workspace\springboot-02-freemarker)
2019-06-14 18:37:49.704  INFO 14956 --- [main] com.study.AppStart                       : No active profile set, falling back to default profiles: default
2019-06-14 18:37:49.819  INFO 14956 --- [main] ConfigServletWebServerApplicationContext : Refreshing org.springframework.boot.web.servlet.context.AnnotationConfigServletWebServerApplicationContext@2f7298b: startup date [Fri Jun 14 18:37:49 CST 2019]; root of context hierarchy
2019-06-14 18:37:53.992  INFO 14956 --- [main] o.s.b.w.embedded.tomcat.TomcatWebServer  : Tomcat initialized with port(s): 8888 (http)
2019-06-14 18:37:54.097  INFO 14956 --- [main] o.apache.catalina.core.StandardService   : Starting service [Tomcat]
2019-06-14 18:37:54.098  INFO 14956 --- [main] org.apache.catalina.core.StandardEngine  : Starting Servlet Engine: Apache Tomcat/8.5.28
2019-06-14 18:37:54.158  INFO 14956 --- [localhost-startStop-1] o.a.catalina.core.AprLifecycleListener   : The APR based Apache Tomcat Native library which allows optimal performance in production environments was not found on the java.library.path: [E:\JDK\jdk1.8\jdk1.8.0_201\bin;C:\WINDOWS\Sun\Java\bin;C:\WINDOWS\system32;C:\WINDOWS;E:/JDK/jdk1.8/jdk1.8.0_201/bin/../jre/bin/server;E:/JDK/jdk1.8/jdk1.8.0_201/bin/../jre/bin;E:/JDK/jdk1.8/jdk1.8.0_201/bin/../jre/lib/amd64;E:\Oracle\product\11.2.0\dbhome_1\bin;E:\WorkSoftware\Xftp6\;E:\WorkSoftware\Xshell6\;C:\WINDOWS\system32;C:\WINDOWS;C:\WINDOWS\System32\Wbem;C:\WINDOWS\System32\WindowsPowerShell\v1.0\;E:\MySQL\MySQL Server 5.1\bin;E:\JDK\jdk1.8\jdk1.8.0_201\bin;E:\JDK\jdk1.8\jdk1.8.0_201\jre\bin;E:\JavaSoftware\apache-maven-3.6.1\bin;E:\WorkSoftware\TortoiseSVN\bin;E:\JavaSoftware\apache-tomcat-7.0.67\bin;E:\JavaSoftware\apache-tomcat-7.0.67\lib;C:\WINDOWS\System32\OpenSSH\;C:\Users\YL\AppData\Local\Microsoft\WindowsApps;;E:\JavaSoftware\eclipse;;.]
2019-06-14 18:37:54.662  INFO 14956 --- [localhost-startStop-1] o.a.c.c.C.[Tomcat].[localhost].[/]       : Initializing Spring embedded WebApplicationContext
2019-06-14 18:37:54.663  INFO 14956 --- [localhost-startStop-1] o.s.web.context.ContextLoader            : Root WebApplicationContext: initialization completed in 4845 ms
2019-06-14 18:37:55.217  INFO 14956 --- [localhost-startStop-1] o.s.b.w.servlet.ServletRegistrationBean  : Servlet dispatcherServlet mapped to [/]
2019-06-14 18:37:55.229  INFO 14956 --- [localhost-startStop-1] o.s.b.w.servlet.FilterRegistrationBean   : Mapping filter: 'characterEncodingFilter' to: [/*]
2019-06-14 18:37:55.230  INFO 14956 --- [localhost-startStop-1] o.s.b.w.servlet.FilterRegistrationBean   : Mapping filter: 'hiddenHttpMethodFilter' to: [/*]
2019-06-14 18:37:55.231  INFO 14956 --- [localhost-startStop-1] o.s.b.w.servlet.FilterRegistrationBean   : Mapping filter: 'httpPutFormContentFilter' to: [/*]
2019-06-14 18:37:55.234  INFO 14956 --- [localhost-startStop-1] o.s.b.w.servlet.FilterRegistrationBean   : Mapping filter: 'requestContextFilter' to: [/*]
2019-06-14 18:37:56.217  INFO 14956 --- [main] s.w.s.m.m.a.RequestMappingHandlerAdapter : Looking for @ControllerAdvice: org.springframework.boot.web.servlet.context.AnnotationConfigServletWebServerApplicationContext@2f7298b: startup date [Fri Jun 14 18:37:49 CST 2019]; root of context hierarchy
2019-06-14 18:37:56.485  INFO 14956 --- [main] s.w.s.m.m.a.RequestMappingHandlerMapping : Mapped "{[/controller/freemarkerIndex_01]}" onto public java.lang.String com.study.controller.FreemarkerController.freemarkerIndex1(java.util.Map<java.lang.String, java.lang.Object>)
2019-06-14 18:37:56.490  INFO 14956 --- [main] s.w.s.m.m.a.RequestMappingHandlerMapping : Mapped "{[/controller/freemarkerIndex_02]}" onto public java.lang.String com.study.controller.FreemarkerController.freemarkerIndex2(java.util.Map<java.lang.String, java.lang.Object>)
2019-06-14 18:37:56.500  INFO 14956 --- [main] s.w.s.m.m.a.RequestMappingHandlerMapping : Mapped "{[/error]}" onto public org.springframework.http.ResponseEntity<java.util.Map<java.lang.String, java.lang.Object>> org.springframework.boot.autoconfigure.web.servlet.error.BasicErrorController.error(javax.servlet.http.HttpServletRequest)
2019-06-14 18:37:56.505  INFO 14956 --- [main] s.w.s.m.m.a.RequestMappingHandlerMapping : Mapped "{[/error],produces=[text/html]}" onto public org.springframework.web.servlet.ModelAndView org.springframework.boot.autoconfigure.web.servlet.error.BasicErrorController.errorHtml(javax.servlet.http.HttpServletRequest,javax.servlet.http.HttpServletResponse)
2019-06-14 18:37:56.621  INFO 14956 --- [main] o.s.w.s.handler.SimpleUrlHandlerMapping  : Mapped URL path [/webjars/**] onto handler of type [class org.springframework.web.servlet.resource.ResourceHttpRequestHandler]
2019-06-14 18:37:56.636  INFO 14956 --- [main] o.s.w.s.handler.SimpleUrlHandlerMapping  : Mapped URL path [/**] onto handler of type [class org.springframework.web.servlet.resource.ResourceHttpRequestHandler]
2019-06-14 18:37:56.727  INFO 14956 --- [main] o.s.w.s.handler.SimpleUrlHandlerMapping  : Mapped URL path [/**/favicon.ico] onto handler of type [class org.springframework.web.servlet.resource.ResourceHttpRequestHandler]
2019-06-14 18:37:57.185  INFO 14956 --- [main] o.s.w.s.v.f.FreeMarkerConfigurer         : ClassTemplateLoader for Spring macros added to FreeMarker configuration
2019-06-14 18:37:57.622  INFO 14956 --- [main] o.s.j.e.a.AnnotationMBeanExporter        : Registering beans for JMX exposure on startup
2019-06-14 18:37:57.737  INFO 14956 --- [main] o.s.b.w.embedded.tomcat.TomcatWebServer  : Tomcat started on port(s): 8888 (http) with context path ''
2019-06-14 18:37:57.746  INFO 14956 --- [main] com.study.AppStart                       : Started AppStart in 9.206 seconds (JVM running for 10.402)
2019-06-14 18:38:49.132  INFO 14956 --- [http-nio-8888-exec-2] o.a.c.c.C.[Tomcat].[localhost].[/]       : Initializing Spring FrameworkServlet 'dispatcherServlet'
2019-06-14 18:38:49.133  INFO 14956 --- [http-nio-8888-exec-2] o.s.web.servlet.DispatcherServlet        : FrameworkServlet 'dispatcherServlet': initialization started
2019-06-14 18:38:49.178  INFO 14956 --- [http-nio-8888-exec-2] o.s.web.servlet.DispatcherServlet        : FrameworkServlet 'dispatcherServlet': initialization completed in 42 ms
