2019-06-19-00-10 [background-preinit] [org.hibernate.validator.internal.util.Version] [INFO] - HV000001: Hibernate Validator 6.0.7.Final
2019-06-19-00-10 [main] [com.study.AppStart] [INFO] - Starting AppStart on DESKTOP-4JH2949 with PID 7408 (H:\eclipse-workspace\springboot-12-mybatis-v2\target\classes started by YL in H:\eclipse-workspace\springboot-12-mybatis-v2)
2019-06-19-00-10 [main] [com.study.AppStart] [INFO] - No active profile set, falling back to default profiles: default
2019-06-19-00-10 [main] [org.springframework.boot.web.servlet.context.AnnotationConfigServletWebServerApplicationContext] [INFO] - Refreshing org.springframework.boot.web.servlet.context.AnnotationConfigServletWebServerApplicationContext@48524010: startup date [Wed Jun 19 00:10:46 CST 2019]; root of context hierarchy
2019-06-19-00-10 [main] [org.springframework.boot.web.embedded.tomcat.TomcatWebServer] [INFO] - Tomcat initialized with port(s): 8888 (http)
2019-06-19-00-10 [localhost-startStop-1] [org.springframework.web.context.ContextLoader] [INFO] - Root WebApplicationContext: initialization completed in 5319 ms
2019-06-19-00-10 [localhost-startStop-1] [org.springframework.boot.web.servlet.ServletRegistrationBean] [INFO] - Servlet dispatcherServlet mapped to [/]
2019-06-19-00-10 [localhost-startStop-1] [org.springframework.boot.web.servlet.FilterRegistrationBean] [INFO] - Mapping filter: 'characterEncodingFilter' to: [/*]
2019-06-19-00-10 [localhost-startStop-1] [org.springframework.boot.web.servlet.FilterRegistrationBean] [INFO] - Mapping filter: 'hiddenHttpMethodFilter' to: [/*]
2019-06-19-00-10 [localhost-startStop-1] [org.springframework.boot.web.servlet.FilterRegistrationBean] [INFO] - Mapping filter: 'httpPutFormContentFilter' to: [/*]
2019-06-19-00-10 [localhost-startStop-1] [org.springframework.boot.web.servlet.FilterRegistrationBean] [INFO] - Mapping filter: 'requestContextFilter' to: [/*]
2019-06-19-00-10 [main] [org.springframework.web.servlet.mvc.method.annotation.RequestMappingHandlerAdapter] [INFO] - Looking for @ControllerAdvice: org.springframework.boot.web.servlet.context.AnnotationConfigServletWebServerApplicationContext@48524010: startup date [Wed Jun 19 00:10:46 CST 2019]; root of context hierarchy
2019-06-19-00-10 [main] [org.springframework.web.servlet.mvc.method.annotation.RequestMappingHandlerMapping] [INFO] - Mapped "{[/insertUser]}" onto public java.lang.Integer com.study.controller.UserController.insertUser(java.lang.String,java.lang.String)
2019-06-19-00-10 [main] [org.springframework.web.servlet.mvc.method.annotation.RequestMappingHandlerMapping] [INFO] - Mapped "{[/error]}" onto public org.springframework.http.ResponseEntity<java.util.Map<java.lang.String, java.lang.Object>> org.springframework.boot.autoconfigure.web.servlet.error.BasicErrorController.error(javax.servlet.http.HttpServletRequest)
2019-06-19-00-10 [main] [org.springframework.web.servlet.mvc.method.annotation.RequestMappingHandlerMapping] [INFO] - Mapped "{[/error],produces=[text/html]}" onto public org.springframework.web.servlet.ModelAndView org.springframework.boot.autoconfigure.web.servlet.error.BasicErrorController.errorHtml(javax.servlet.http.HttpServletRequest,javax.servlet.http.HttpServletResponse)
2019-06-19-00-10 [main] [org.springframework.web.servlet.handler.SimpleUrlHandlerMapping] [INFO] - Mapped URL path [/webjars/**] onto handler of type [class org.springframework.web.servlet.resource.ResourceHttpRequestHandler]
2019-06-19-00-10 [main] [org.springframework.web.servlet.handler.SimpleUrlHandlerMapping] [INFO] - Mapped URL path [/**] onto handler of type [class org.springframework.web.servlet.resource.ResourceHttpRequestHandler]
2019-06-19-00-10 [main] [org.springframework.web.servlet.handler.SimpleUrlHandlerMapping] [INFO] - Mapped URL path [/**/favicon.ico] onto handler of type [class org.springframework.web.servlet.resource.ResourceHttpRequestHandler]
2019-06-19-00-10 [main] [org.springframework.jmx.export.annotation.AnnotationMBeanExporter] [INFO] - Registering beans for JMX exposure on startup
2019-06-19-00-10 [main] [org.springframework.jmx.export.annotation.AnnotationMBeanExporter] [INFO] - Bean with name 'dataSource' has been autodetected for JMX exposure
2019-06-19-00-10 [main] [org.springframework.jmx.export.annotation.AnnotationMBeanExporter] [INFO] - Located MBean 'dataSource': registering with JMX server as MBean [com.zaxxer.hikari:name=dataSource,type=HikariDataSource]
2019-06-19-00-10 [main] [org.springframework.boot.web.embedded.tomcat.TomcatWebServer] [INFO] - Tomcat started on port(s): 8888 (http) with context path '/study'
2019-06-19-00-10 [main] [com.study.AppStart] [INFO] - Started AppStart in 10.119 seconds (JVM running for 10.98)
2019-06-19-00-10 [http-nio-8888-exec-1] [org.springframework.web.servlet.DispatcherServlet] [INFO] - FrameworkServlet 'dispatcherServlet': initialization started
2019-06-19-00-10 [http-nio-8888-exec-1] [org.springframework.web.servlet.DispatcherServlet] [INFO] - FrameworkServlet 'dispatcherServlet': initialization completed in 76 ms
2019-06-19-00-10 [http-nio-8888-exec-1] [com.zaxxer.hikari.HikariDataSource] [INFO] - HikariPool-1 - Starting...
2019-06-19-00-10 [http-nio-8888-exec-1] [com.zaxxer.hikari.HikariDataSource] [INFO] - HikariPool-1 - Start completed.
