2019-06-16 00:09:01.467  INFO 13204 --- [main] com.study.AppStart                       : Starting AppStart on DESKTOP-4JH2949 with PID 13204 (H:\eclipse-workspace\springboot-03-jsp\target\classes started by YL in H:\eclipse-workspace\springboot-03-jsp)
2019-06-16 00:09:01.480  INFO 13204 --- [main] com.study.AppStart                       : No active profile set, falling back to default profiles: default
2019-06-16 00:09:01.627  INFO 13204 --- [main] ConfigServletWebServerApplicationContext : Refreshing org.springframework.boot.web.servlet.context.AnnotationConfigServletWebServerApplicationContext@52e6fdee: startup date [Sun Jun 16 00:09:01 CST 2019]; root of context hierarchy
2019-06-16 00:09:05.960  INFO 13204 --- [main] o.s.b.w.embedded.tomcat.TomcatWebServer  : Tomcat initialized with port(s): 8888 (http)
2019-06-16 00:09:06.018  INFO 13204 --- [main] o.apache.catalina.core.StandardService   : Starting service [Tomcat]
2019-06-16 00:09:06.020  INFO 13204 --- [main] org.apache.catalina.core.StandardEngine  : Starting Servlet Engine: Apache Tomcat/8.5.28
2019-06-16 00:09:06.044  INFO 13204 --- [localhost-startStop-1] o.a.catalina.core.AprLifecycleListener   : The APR based Apache Tomcat Native library which allows optimal performance in production environments was not found on the java.library.path: [E:\JDK\jdk1.8\jdk1.8.0_201\bin;C:\WINDOWS\Sun\Java\bin;C:\WINDOWS\system32;C:\WINDOWS;E:/JDK/jdk1.8/jdk1.8.0_201/bin/../jre/bin/server;E:/JDK/jdk1.8/jdk1.8.0_201/bin/../jre/bin;E:/JDK/jdk1.8/jdk1.8.0_201/bin/../jre/lib/amd64;E:\Oracle\product\11.2.0\dbhome_1\bin;E:\WorkSoftware\Xftp6\;E:\WorkSoftware\Xshell6\;C:\WINDOWS\system32;C:\WINDOWS;C:\WINDOWS\System32\Wbem;C:\WINDOWS\System32\WindowsPowerShell\v1.0\;E:\MySQL\MySQL Server 5.1\bin;E:\JDK\jdk1.8\jdk1.8.0_201\bin;E:\JDK\jdk1.8\jdk1.8.0_201\jre\bin;E:\JavaSoftware\apache-maven-3.6.1\bin;E:\WorkSoftware\TortoiseSVN\bin;E:\JavaSoftware\apache-tomcat-7.0.67\bin;E:\JavaSoftware\apache-tomcat-7.0.67\lib;C:\WINDOWS\System32\OpenSSH\;C:\Users\YL\AppData\Local\Microsoft\WindowsApps;;E:\JavaSoftware\eclipse;;.]
2019-06-16 00:09:06.532  INFO 13204 --- [localhost-startStop-1] org.apache.jasper.servlet.TldScanner     : At least one JAR was scanned for TLDs yet contained no TLDs. Enable debug logging for this logger for a complete list of JARs that were scanned but no TLDs were found in them. Skipping unneeded JARs during scanning can improve startup time and JSP compilation time.
2019-06-16 00:09:06.540  INFO 13204 --- [localhost-startStop-1] o.a.c.c.C.[Tomcat].[localhost].[/study]  : Initializing Spring embedded WebApplicationContext
2019-06-16 00:09:06.541  INFO 13204 --- [localhost-startStop-1] o.s.web.context.ContextLoader            : Root WebApplicationContext: initialization completed in 4914 ms
2019-06-16 00:09:06.856  INFO 13204 --- [localhost-startStop-1] o.s.b.w.servlet.ServletRegistrationBean  : Servlet dispatcherServlet mapped to [/]
2019-06-16 00:09:06.873  INFO 13204 --- [localhost-startStop-1] o.s.b.w.servlet.FilterRegistrationBean   : Mapping filter: 'characterEncodingFilter' to: [/*]
2019-06-16 00:09:06.873  INFO 13204 --- [localhost-startStop-1] o.s.b.w.servlet.FilterRegistrationBean   : Mapping filter: 'hiddenHttpMethodFilter' to: [/*]
2019-06-16 00:09:06.873  INFO 13204 --- [localhost-startStop-1] o.s.b.w.servlet.FilterRegistrationBean   : Mapping filter: 'httpPutFormContentFilter' to: [/*]
2019-06-16 00:09:06.874  INFO 13204 --- [localhost-startStop-1] o.s.b.w.servlet.FilterRegistrationBean   : Mapping filter: 'requestContextFilter' to: [/*]
2019-06-16 00:09:07.730  INFO 13204 --- [main] s.w.s.m.m.a.RequestMappingHandlerAdapter : Looking for @ControllerAdvice: org.springframework.boot.web.servlet.context.AnnotationConfigServletWebServerApplicationContext@52e6fdee: startup date [Sun Jun 16 00:09:01 CST 2019]; root of context hierarchy
2019-06-16 00:09:07.983  INFO 13204 --- [main] s.w.s.m.m.a.RequestMappingHandlerMapping : Mapped "{[/JspController/jspIndex]}" onto public java.lang.String com.study.controller.JspController.jspIndex()
2019-06-16 00:09:08.001  INFO 13204 --- [main] s.w.s.m.m.a.RequestMappingHandlerMapping : Mapped "{[/error]}" onto public org.springframework.http.ResponseEntity<java.util.Map<java.lang.String, java.lang.Object>> org.springframework.boot.autoconfigure.web.servlet.error.BasicErrorController.error(javax.servlet.http.HttpServletRequest)
2019-06-16 00:09:08.002  INFO 13204 --- [main] s.w.s.m.m.a.RequestMappingHandlerMapping : Mapped "{[/error],produces=[text/html]}" onto public org.springframework.web.servlet.ModelAndView org.springframework.boot.autoconfigure.web.servlet.error.BasicErrorController.errorHtml(javax.servlet.http.HttpServletRequest,javax.servlet.http.HttpServletResponse)
2019-06-16 00:09:08.079  INFO 13204 --- [main] o.s.w.s.handler.SimpleUrlHandlerMapping  : Mapped URL path [/webjars/**] onto handler of type [class org.springframework.web.servlet.resource.ResourceHttpRequestHandler]
2019-06-16 00:09:08.082  INFO 13204 --- [main] o.s.w.s.handler.SimpleUrlHandlerMapping  : Mapped URL path [/**] onto handler of type [class org.springframework.web.servlet.resource.ResourceHttpRequestHandler]
2019-06-16 00:09:08.353  INFO 13204 --- [main] o.s.w.s.handler.SimpleUrlHandlerMapping  : Mapped URL path [/**/favicon.ico] onto handler of type [class org.springframework.web.servlet.resource.ResourceHttpRequestHandler]
2019-06-16 00:09:08.728  INFO 13204 --- [main] o.s.j.e.a.AnnotationMBeanExporter        : Registering beans for JMX exposure on startup
2019-06-16 00:09:09.042  INFO 13204 --- [main] o.s.b.w.embedded.tomcat.TomcatWebServer  : Tomcat started on port(s): 8888 (http) with context path '/study'
2019-06-16 00:09:09.053  INFO 13204 --- [main] com.study.AppStart                       : Started AppStart in 8.919 seconds (JVM running for 9.952)
2019-06-16 00:22:34.095  INFO 2408 --- [main] com.study.AppStart                       : Starting AppStart on DESKTOP-4JH2949 with PID 2408 (H:\eclipse-workspace\springboot-03-jsp\target\classes started by YL in H:\eclipse-workspace\springboot-03-jsp)
2019-06-16 00:22:34.102  INFO 2408 --- [main] com.study.AppStart                       : No active profile set, falling back to default profiles: default
2019-06-16 00:22:34.419  INFO 2408 --- [main] ConfigServletWebServerApplicationContext : Refreshing org.springframework.boot.web.servlet.context.AnnotationConfigServletWebServerApplicationContext@42e99e4a: startup date [Sun Jun 16 00:22:34 CST 2019]; root of context hierarchy
2019-06-16 00:22:39.094  INFO 2408 --- [main] o.s.b.w.embedded.tomcat.TomcatWebServer  : Tomcat initialized with port(s): 8888 (http)
2019-06-16 00:22:39.211  INFO 2408 --- [main] o.apache.catalina.core.StandardService   : Starting service [Tomcat]
2019-06-16 00:22:39.212  INFO 2408 --- [main] org.apache.catalina.core.StandardEngine  : Starting Servlet Engine: Apache Tomcat/8.5.28
2019-06-16 00:22:39.239  INFO 2408 --- [localhost-startStop-1] o.a.catalina.core.AprLifecycleListener   : The APR based Apache Tomcat Native library which allows optimal performance in production environments was not found on the java.library.path: [E:\JDK\jdk1.8\jdk1.8.0_201\bin;C:\WINDOWS\Sun\Java\bin;C:\WINDOWS\system32;C:\WINDOWS;E:/JDK/jdk1.8/jdk1.8.0_201/bin/../jre/bin/server;E:/JDK/jdk1.8/jdk1.8.0_201/bin/../jre/bin;E:/JDK/jdk1.8/jdk1.8.0_201/bin/../jre/lib/amd64;E:\Oracle\product\11.2.0\dbhome_1\bin;E:\WorkSoftware\Xftp6\;E:\WorkSoftware\Xshell6\;C:\WINDOWS\system32;C:\WINDOWS;C:\WINDOWS\System32\Wbem;C:\WINDOWS\System32\WindowsPowerShell\v1.0\;E:\MySQL\MySQL Server 5.1\bin;E:\JDK\jdk1.8\jdk1.8.0_201\bin;E:\JDK\jdk1.8\jdk1.8.0_201\jre\bin;E:\JavaSoftware\apache-maven-3.6.1\bin;E:\WorkSoftware\TortoiseSVN\bin;E:\JavaSoftware\apache-tomcat-7.0.67\bin;E:\JavaSoftware\apache-tomcat-7.0.67\lib;C:\WINDOWS\System32\OpenSSH\;C:\Users\YL\AppData\Local\Microsoft\WindowsApps;;E:\JavaSoftware\eclipse;;.]
2019-06-16 00:22:39.687  INFO 2408 --- [localhost-startStop-1] org.apache.jasper.servlet.TldScanner     : At least one JAR was scanned for TLDs yet contained no TLDs. Enable debug logging for this logger for a complete list of JARs that were scanned but no TLDs were found in them. Skipping unneeded JARs during scanning can improve startup time and JSP compilation time.
2019-06-16 00:22:39.696  INFO 2408 --- [localhost-startStop-1] o.a.c.c.C.[Tomcat].[localhost].[/study]  : Initializing Spring embedded WebApplicationContext
2019-06-16 00:22:39.698  INFO 2408 --- [localhost-startStop-1] o.s.web.context.ContextLoader            : Root WebApplicationContext: initialization completed in 5279 ms
2019-06-16 00:22:40.044  INFO 2408 --- [localhost-startStop-1] o.s.b.w.servlet.ServletRegistrationBean  : Servlet dispatcherServlet mapped to [/]
2019-06-16 00:22:40.060  INFO 2408 --- [localhost-startStop-1] o.s.b.w.servlet.FilterRegistrationBean   : Mapping filter: 'characterEncodingFilter' to: [/*]
2019-06-16 00:22:40.061  INFO 2408 --- [localhost-startStop-1] o.s.b.w.servlet.FilterRegistrationBean   : Mapping filter: 'hiddenHttpMethodFilter' to: [/*]
2019-06-16 00:22:40.062  INFO 2408 --- [localhost-startStop-1] o.s.b.w.servlet.FilterRegistrationBean   : Mapping filter: 'httpPutFormContentFilter' to: [/*]
2019-06-16 00:22:40.062  INFO 2408 --- [localhost-startStop-1] o.s.b.w.servlet.FilterRegistrationBean   : Mapping filter: 'requestContextFilter' to: [/*]
2019-06-16 00:22:40.981  INFO 2408 --- [main] s.w.s.m.m.a.RequestMappingHandlerAdapter : Looking for @ControllerAdvice: org.springframework.boot.web.servlet.context.AnnotationConfigServletWebServerApplicationContext@42e99e4a: startup date [Sun Jun 16 00:22:34 CST 2019]; root of context hierarchy
2019-06-16 00:22:41.264  INFO 2408 --- [main] s.w.s.m.m.a.RequestMappingHandlerMapping : Mapped "{[/JspController/jspIndex]}" onto public java.lang.String com.study.controller.JspController.jspIndex()
2019-06-16 00:22:41.284  INFO 2408 --- [main] s.w.s.m.m.a.RequestMappingHandlerMapping : Mapped "{[/error]}" onto public org.springframework.http.ResponseEntity<java.util.Map<java.lang.String, java.lang.Object>> org.springframework.boot.autoconfigure.web.servlet.error.BasicErrorController.error(javax.servlet.http.HttpServletRequest)
2019-06-16 00:22:41.286  INFO 2408 --- [main] s.w.s.m.m.a.RequestMappingHandlerMapping : Mapped "{[/error],produces=[text/html]}" onto public org.springframework.web.servlet.ModelAndView org.springframework.boot.autoconfigure.web.servlet.error.BasicErrorController.errorHtml(javax.servlet.http.HttpServletRequest,javax.servlet.http.HttpServletResponse)
2019-06-16 00:22:41.424  INFO 2408 --- [main] o.s.w.s.handler.SimpleUrlHandlerMapping  : Mapped URL path [/webjars/**] onto handler of type [class org.springframework.web.servlet.resource.ResourceHttpRequestHandler]
2019-06-16 00:22:41.425  INFO 2408 --- [main] o.s.w.s.handler.SimpleUrlHandlerMapping  : Mapped URL path [/**] onto handler of type [class org.springframework.web.servlet.resource.ResourceHttpRequestHandler]
2019-06-16 00:22:41.543  INFO 2408 --- [main] o.s.w.s.handler.SimpleUrlHandlerMapping  : Mapped URL path [/**/favicon.ico] onto handler of type [class org.springframework.web.servlet.resource.ResourceHttpRequestHandler]
2019-06-16 00:22:41.996  INFO 2408 --- [main] o.s.j.e.a.AnnotationMBeanExporter        : Registering beans for JMX exposure on startup
2019-06-16 00:22:42.483  INFO 2408 --- [main] o.s.b.w.embedded.tomcat.TomcatWebServer  : Tomcat started on port(s): 8888 (http) with context path '/study'
2019-06-16 00:22:42.495  INFO 2408 --- [main] com.study.AppStart                       : Started AppStart in 9.466 seconds (JVM running for 10.792)
2019-06-16 00:25:28.823  INFO 13092 --- [main] com.study.AppStart                       : Starting AppStart on DESKTOP-4JH2949 with PID 13092 (H:\eclipse-workspace\springboot-03-jsp\target\classes started by YL in H:\eclipse-workspace\springboot-03-jsp)
2019-06-16 00:25:28.830  INFO 13092 --- [main] com.study.AppStart                       : No active profile set, falling back to default profiles: default
2019-06-16 00:25:29.000  INFO 13092 --- [main] ConfigServletWebServerApplicationContext : Refreshing org.springframework.boot.web.servlet.context.AnnotationConfigServletWebServerApplicationContext@52e6fdee: startup date [Sun Jun 16 00:25:28 CST 2019]; root of context hierarchy
2019-06-16 00:25:35.169  INFO 13092 --- [main] o.s.b.w.embedded.tomcat.TomcatWebServer  : Tomcat initialized with port(s): 8888 (http)
2019-06-16 00:25:35.254  INFO 13092 --- [main] o.apache.catalina.core.StandardService   : Starting service [Tomcat]
2019-06-16 00:25:35.256  INFO 13092 --- [main] org.apache.catalina.core.StandardEngine  : Starting Servlet Engine: Apache Tomcat/8.5.28
2019-06-16 00:25:35.302  INFO 13092 --- [localhost-startStop-1] o.a.catalina.core.AprLifecycleListener   : The APR based Apache Tomcat Native library which allows optimal performance in production environments was not found on the java.library.path: [E:\JDK\jdk1.8\jdk1.8.0_201\bin;C:\WINDOWS\Sun\Java\bin;C:\WINDOWS\system32;C:\WINDOWS;E:/JDK/jdk1.8/jdk1.8.0_201/bin/../jre/bin/server;E:/JDK/jdk1.8/jdk1.8.0_201/bin/../jre/bin;E:/JDK/jdk1.8/jdk1.8.0_201/bin/../jre/lib/amd64;E:\Oracle\product\11.2.0\dbhome_1\bin;E:\WorkSoftware\Xftp6\;E:\WorkSoftware\Xshell6\;C:\WINDOWS\system32;C:\WINDOWS;C:\WINDOWS\System32\Wbem;C:\WINDOWS\System32\WindowsPowerShell\v1.0\;E:\MySQL\MySQL Server 5.1\bin;E:\JDK\jdk1.8\jdk1.8.0_201\bin;E:\JDK\jdk1.8\jdk1.8.0_201\jre\bin;E:\JavaSoftware\apache-maven-3.6.1\bin;E:\WorkSoftware\TortoiseSVN\bin;E:\JavaSoftware\apache-tomcat-7.0.67\bin;E:\JavaSoftware\apache-tomcat-7.0.67\lib;C:\WINDOWS\System32\OpenSSH\;C:\Users\YL\AppData\Local\Microsoft\WindowsApps;;E:\JavaSoftware\eclipse;;.]
2019-06-16 00:25:35.934  INFO 13092 --- [localhost-startStop-1] org.apache.jasper.servlet.TldScanner     : At least one JAR was scanned for TLDs yet contained no TLDs. Enable debug logging for this logger for a complete list of JARs that were scanned but no TLDs were found in them. Skipping unneeded JARs during scanning can improve startup time and JSP compilation time.
2019-06-16 00:25:35.942  INFO 13092 --- [localhost-startStop-1] o.a.c.c.C.[Tomcat].[localhost].[/study]  : Initializing Spring embedded WebApplicationContext
2019-06-16 00:25:35.943  INFO 13092 --- [localhost-startStop-1] o.s.web.context.ContextLoader            : Root WebApplicationContext: initialization completed in 6944 ms
2019-06-16 00:25:36.201  INFO 13092 --- [localhost-startStop-1] o.s.b.w.servlet.ServletRegistrationBean  : Servlet dispatcherServlet mapped to [/]
2019-06-16 00:25:36.209  INFO 13092 --- [localhost-startStop-1] o.s.b.w.servlet.FilterRegistrationBean   : Mapping filter: 'characterEncodingFilter' to: [/*]
2019-06-16 00:25:36.210  INFO 13092 --- [localhost-startStop-1] o.s.b.w.servlet.FilterRegistrationBean   : Mapping filter: 'hiddenHttpMethodFilter' to: [/*]
2019-06-16 00:25:36.210  INFO 13092 --- [localhost-startStop-1] o.s.b.w.servlet.FilterRegistrationBean   : Mapping filter: 'httpPutFormContentFilter' to: [/*]
2019-06-16 00:25:36.210  INFO 13092 --- [localhost-startStop-1] o.s.b.w.servlet.FilterRegistrationBean   : Mapping filter: 'requestContextFilter' to: [/*]
2019-06-16 00:25:37.457  INFO 13092 --- [main] s.w.s.m.m.a.RequestMappingHandlerAdapter : Looking for @ControllerAdvice: org.springframework.boot.web.servlet.context.AnnotationConfigServletWebServerApplicationContext@52e6fdee: startup date [Sun Jun 16 00:25:28 CST 2019]; root of context hierarchy
2019-06-16 00:25:37.687  INFO 13092 --- [main] s.w.s.m.m.a.RequestMappingHandlerMapping : Mapped "{[/JspController/jspIndex]}" onto public java.lang.String com.study.controller.JspController.jspIndex()
2019-06-16 00:25:37.706  INFO 13092 --- [main] s.w.s.m.m.a.RequestMappingHandlerMapping : Mapped "{[/error]}" onto public org.springframework.http.ResponseEntity<java.util.Map<java.lang.String, java.lang.Object>> org.springframework.boot.autoconfigure.web.servlet.error.BasicErrorController.error(javax.servlet.http.HttpServletRequest)
2019-06-16 00:25:37.711  INFO 13092 --- [main] s.w.s.m.m.a.RequestMappingHandlerMapping : Mapped "{[/error],produces=[text/html]}" onto public org.springframework.web.servlet.ModelAndView org.springframework.boot.autoconfigure.web.servlet.error.BasicErrorController.errorHtml(javax.servlet.http.HttpServletRequest,javax.servlet.http.HttpServletResponse)
2019-06-16 00:25:37.797  INFO 13092 --- [main] o.s.w.s.handler.SimpleUrlHandlerMapping  : Mapped URL path [/webjars/**] onto handler of type [class org.springframework.web.servlet.resource.ResourceHttpRequestHandler]
2019-06-16 00:25:37.800  INFO 13092 --- [main] o.s.w.s.handler.SimpleUrlHandlerMapping  : Mapped URL path [/**] onto handler of type [class org.springframework.web.servlet.resource.ResourceHttpRequestHandler]
2019-06-16 00:25:38.270  INFO 13092 --- [main] o.s.w.s.handler.SimpleUrlHandlerMapping  : Mapped URL path [/**/favicon.ico] onto handler of type [class org.springframework.web.servlet.resource.ResourceHttpRequestHandler]
2019-06-16 00:25:38.786  INFO 13092 --- [main] o.s.j.e.a.AnnotationMBeanExporter        : Registering beans for JMX exposure on startup
2019-06-16 00:25:39.431  INFO 13092 --- [main] o.s.b.w.embedded.tomcat.TomcatWebServer  : Tomcat started on port(s): 8888 (http) with context path '/study'
2019-06-16 00:25:39.459  INFO 13092 --- [main] com.study.AppStart                       : Started AppStart in 12.183 seconds (JVM running for 13.223)
2019-06-16 00:26:00.626  INFO 13092 --- [http-nio-8888-exec-10] o.a.c.c.C.[Tomcat].[localhost].[/study]  : Initializing Spring FrameworkServlet 'dispatcherServlet'
2019-06-16 00:26:00.635  INFO 13092 --- [http-nio-8888-exec-10] o.s.web.servlet.DispatcherServlet        : FrameworkServlet 'dispatcherServlet': initialization started
2019-06-16 00:26:00.675  INFO 13092 --- [http-nio-8888-exec-10] o.s.web.servlet.DispatcherServlet        : FrameworkServlet 'dispatcherServlet': initialization completed in 40 ms
2019-06-16 00:26:55.136  INFO 6568 --- [main] com.study.AppStart                       : Starting AppStart on DESKTOP-4JH2949 with PID 6568 (H:\eclipse-workspace\springboot-03-jsp\target\classes started by YL in H:\eclipse-workspace\springboot-03-jsp)
2019-06-16 00:26:55.143  INFO 6568 --- [main] com.study.AppStart                       : No active profile set, falling back to default profiles: default
2019-06-16 00:26:55.281  INFO 6568 --- [main] ConfigServletWebServerApplicationContext : Refreshing org.springframework.boot.web.servlet.context.AnnotationConfigServletWebServerApplicationContext@14dd9eb7: startup date [Sun Jun 16 00:26:55 CST 2019]; root of context hierarchy
2019-06-16 00:27:00.120  INFO 6568 --- [main] o.s.b.w.embedded.tomcat.TomcatWebServer  : Tomcat initialized with port(s): 8888 (http)
2019-06-16 00:27:00.249  INFO 6568 --- [main] o.apache.catalina.core.StandardService   : Starting service [Tomcat]
2019-06-16 00:27:00.250  INFO 6568 --- [main] org.apache.catalina.core.StandardEngine  : Starting Servlet Engine: Apache Tomcat/8.5.28
2019-06-16 00:27:00.282  INFO 6568 --- [localhost-startStop-1] o.a.catalina.core.AprLifecycleListener   : The APR based Apache Tomcat Native library which allows optimal performance in production environments was not found on the java.library.path: [E:\JDK\jdk1.8\jdk1.8.0_201\bin;C:\WINDOWS\Sun\Java\bin;C:\WINDOWS\system32;C:\WINDOWS;E:/JDK/jdk1.8/jdk1.8.0_201/bin/../jre/bin/server;E:/JDK/jdk1.8/jdk1.8.0_201/bin/../jre/bin;E:/JDK/jdk1.8/jdk1.8.0_201/bin/../jre/lib/amd64;E:\Oracle\product\11.2.0\dbhome_1\bin;E:\WorkSoftware\Xftp6\;E:\WorkSoftware\Xshell6\;C:\WINDOWS\system32;C:\WINDOWS;C:\WINDOWS\System32\Wbem;C:\WINDOWS\System32\WindowsPowerShell\v1.0\;E:\MySQL\MySQL Server 5.1\bin;E:\JDK\jdk1.8\jdk1.8.0_201\bin;E:\JDK\jdk1.8\jdk1.8.0_201\jre\bin;E:\JavaSoftware\apache-maven-3.6.1\bin;E:\WorkSoftware\TortoiseSVN\bin;E:\JavaSoftware\apache-tomcat-7.0.67\bin;E:\JavaSoftware\apache-tomcat-7.0.67\lib;C:\WINDOWS\System32\OpenSSH\;C:\Users\YL\AppData\Local\Microsoft\WindowsApps;;E:\JavaSoftware\eclipse;;.]
2019-06-16 00:27:00.900  INFO 6568 --- [localhost-startStop-1] org.apache.jasper.servlet.TldScanner     : At least one JAR was scanned for TLDs yet contained no TLDs. Enable debug logging for this logger for a complete list of JARs that were scanned but no TLDs were found in them. Skipping unneeded JARs during scanning can improve startup time and JSP compilation time.
2019-06-16 00:27:00.923  INFO 6568 --- [localhost-startStop-1] o.a.c.c.C.[Tomcat].[localhost].[/study]  : Initializing Spring embedded WebApplicationContext
2019-06-16 00:27:00.925  INFO 6568 --- [localhost-startStop-1] o.s.web.context.ContextLoader            : Root WebApplicationContext: initialization completed in 5650 ms
2019-06-16 00:27:01.272  INFO 6568 --- [localhost-startStop-1] o.s.b.w.servlet.ServletRegistrationBean  : Servlet dispatcherServlet mapped to [/]
2019-06-16 00:27:01.283  INFO 6568 --- [localhost-startStop-1] o.s.b.w.servlet.FilterRegistrationBean   : Mapping filter: 'characterEncodingFilter' to: [/*]
2019-06-16 00:27:01.286  INFO 6568 --- [localhost-startStop-1] o.s.b.w.servlet.FilterRegistrationBean   : Mapping filter: 'hiddenHttpMethodFilter' to: [/*]
2019-06-16 00:27:01.287  INFO 6568 --- [localhost-startStop-1] o.s.b.w.servlet.FilterRegistrationBean   : Mapping filter: 'httpPutFormContentFilter' to: [/*]
2019-06-16 00:27:01.287  INFO 6568 --- [localhost-startStop-1] o.s.b.w.servlet.FilterRegistrationBean   : Mapping filter: 'requestContextFilter' to: [/*]
2019-06-16 00:27:02.244  INFO 6568 --- [main] s.w.s.m.m.a.RequestMappingHandlerAdapter : Looking for @ControllerAdvice: org.springframework.boot.web.servlet.context.AnnotationConfigServletWebServerApplicationContext@14dd9eb7: startup date [Sun Jun 16 00:26:55 CST 2019]; root of context hierarchy
2019-06-16 00:27:02.685  INFO 6568 --- [main] s.w.s.m.m.a.RequestMappingHandlerMapping : Mapped "{[/JspController/jspIndex]}" onto public java.lang.String com.study.controller.JspController.jspIndex()
2019-06-16 00:27:02.718  INFO 6568 --- [main] s.w.s.m.m.a.RequestMappingHandlerMapping : Mapped "{[/error]}" onto public org.springframework.http.ResponseEntity<java.util.Map<java.lang.String, java.lang.Object>> org.springframework.boot.autoconfigure.web.servlet.error.BasicErrorController.error(javax.servlet.http.HttpServletRequest)
2019-06-16 00:27:02.727  INFO 6568 --- [main] s.w.s.m.m.a.RequestMappingHandlerMapping : Mapped "{[/error],produces=[text/html]}" onto public org.springframework.web.servlet.ModelAndView org.springframework.boot.autoconfigure.web.servlet.error.BasicErrorController.errorHtml(javax.servlet.http.HttpServletRequest,javax.servlet.http.HttpServletResponse)
2019-06-16 00:27:02.966  INFO 6568 --- [main] o.s.w.s.handler.SimpleUrlHandlerMapping  : Mapped URL path [/webjars/**] onto handler of type [class org.springframework.web.servlet.resource.ResourceHttpRequestHandler]
2019-06-16 00:27:02.967  INFO 6568 --- [main] o.s.w.s.handler.SimpleUrlHandlerMapping  : Mapped URL path [/**] onto handler of type [class org.springframework.web.servlet.resource.ResourceHttpRequestHandler]
2019-06-16 00:27:03.304  INFO 6568 --- [main] o.s.w.s.handler.SimpleUrlHandlerMapping  : Mapped URL path [/**/favicon.ico] onto handler of type [class org.springframework.web.servlet.resource.ResourceHttpRequestHandler]
2019-06-16 00:27:04.118  INFO 6568 --- [main] o.s.j.e.a.AnnotationMBeanExporter        : Registering beans for JMX exposure on startup
2019-06-16 00:27:04.993  INFO 6568 --- [main] o.s.b.w.embedded.tomcat.TomcatWebServer  : Tomcat started on port(s): 8888 (http) with context path '/study'
2019-06-16 00:27:05.029  INFO 6568 --- [main] com.study.AppStart                       : Started AppStart in 11.403 seconds (JVM running for 13.008)
2019-06-16 00:27:05.223  INFO 6568 --- [http-nio-8888-exec-10] o.a.c.c.C.[Tomcat].[localhost].[/study]  : Initializing Spring FrameworkServlet 'dispatcherServlet'
2019-06-16 00:27:05.224  INFO 6568 --- [http-nio-8888-exec-10] o.s.web.servlet.DispatcherServlet        : FrameworkServlet 'dispatcherServlet': initialization started
2019-06-16 00:27:05.298  INFO 6568 --- [http-nio-8888-exec-10] o.s.web.servlet.DispatcherServlet        : FrameworkServlet 'dispatcherServlet': initialization completed in 70 ms
